<?xml version="1.0" encoding="UTF-8"?>
<!-- Generated by org.testng.reporters.JUnitXMLReporter -->
<testsuite ignored="0" hostname="Samreen-Adils-MacBook-Air.local" failures="1" tests="1" name="v2" time="156.315" errors="0" timestamp="07 Feb 2020 21:07:25 GMT">
  <testcase classname="com.v2Workflow.testcases.TeamFlowTest" name="CheckTeamFlowTest" time="141.918">
    <failure type="java.lang.Error">
      <![CDATA[java.lang.Error
at com.v2Workflow.driver.CommonMethod.WaitUntilVisibility(CommonMethod.java:828)
at com.v2Workflow.driver.CommonMethod.findElement(CommonMethod.java:75)
at com.v2Workflow.driver.CommonMethod.sendKeys(CommonMethod.java:182)
at com.v2Workflow.ReusableMethods.ReusableMethodTeam.InvitePeople(ReusableMethodTeam.java:32)
at com.v2Workflow.testcases.TeamFlowTest.CheckTeamFlowTest(TeamFlowTest.java:47)
... Removed 25 stack frames]]>
    </failure>
  </testcase> <!-- CheckTeamFlowTest -->
</testsuite> <!-- v2 -->
